<?xml version="1.0" encoding="UTF-8"?>
<!-- Generated by org.testng.reporters.JUnitXMLReporter -->
<testsuite ignored="10" hostname="DESKTOP-LR02MF8" failures="1" tests="10" name="Test" time="160.596" errors="0" timestamp="2023-11-01T18:13:21 BDT">
  <testcase classname="testCase.Hoop$HoopStatistics" name="HoopLogin" time="10.135"/>
  <testcase classname="testCase.Hoop$HoopStatistics" name="HoopStatistic" time="24.16"/>
  <testcase classname="testCase.Hoop$HoopStatistics" name="HoopStatClickTab" time="18.147"/>
  <testcase classname="testCase.Hoop$HoopChannels" name="HoopChannelSearch" time="19.358"/>
  <testcase classname="testCase.Hoop$HoopChannels" name="HoopChannelDetails" time="29.339"/>
  <testcase classname="testCase.Hoop$HoopUsers" name="HoopChannelSearch" time="17.427"/>
  <testcase classname="testCase.Hoop$HoopMessage" name="HoopMessageDetails" time="10.686"/>
  <testcase classname="testCase.Hoop$HoopTag" name="HoopTagDetails" time="13.07"/>
  <testcase classname="testCase.Hoop$HoopTasks" name="HoopTasksCreate" time="11.875"/>
  <testcase classname="testCase.Hoop$HoopTasks" name="HoopTasksSearch" time="3.198">
    <failure type="java.lang.AssertionError" message="expected [Search button should not be clickable] but found [Something wrong]">
      <![CDATA[java.lang.AssertionError: expected [Search button should not be clickable] but found [Something wrong]
at testCase.Hoop$HoopTasks.HoopTasksSearch(Hoop.java:465)
at java.base/java.util.ArrayList.forEach(ArrayList.java:1511)
... Removed 33 stack frames]]>
    </failure>
  </testcase> <!-- HoopTasksSearch -->
  <testcase classname="base.DriverSetup" name="@AfterSuite tearDown" time="0.0">
    <ignored/>
  </testcase> <!-- @AfterSuite tearDown -->
  <testcase classname="base.DriverSetup" name="@AfterSuite tearDown" time="0.0">
    <ignored/>
  </testcase> <!-- @AfterSuite tearDown -->
  <testcase classname="base.DriverSetup" name="@BeforeSuite setDriver" time="0.0">
    <ignored/>
  </testcase> <!-- @BeforeSuite setDriver -->
  <testcase classname="base.DriverSetup" name="@BeforeSuite setDriver" time="0.0">
    <ignored/>
  </testcase> <!-- @BeforeSuite setDriver -->
  <testcase classname="base.DriverSetup" name="@BeforeSuite setDriver" time="0.0">
    <ignored/>
  </testcase> <!-- @BeforeSuite setDriver -->
  <testcase classname="base.DriverSetup" name="@AfterSuite tearDown" time="0.0">
    <ignored/>
  </testcase> <!-- @AfterSuite tearDown -->
  <testcase classname="base.DriverSetup" name="@BeforeSuite setDriver" time="0.0">
    <ignored/>
  </testcase> <!-- @BeforeSuite setDriver -->
  <testcase classname="base.DriverSetup" name="@AfterSuite tearDown" time="0.0">
    <ignored/>
  </testcase> <!-- @AfterSuite tearDown -->
  <testcase classname="base.DriverSetup" name="@AfterSuite tearDown" time="0.0">
    <ignored/>
  </testcase> <!-- @AfterSuite tearDown -->
  <testcase classname="base.DriverSetup" name="@BeforeSuite setDriver" time="0.0">
    <ignored/>
  </testcase> <!-- @BeforeSuite setDriver -->
</testsuite> <!-- Test -->
