<?xml version="1.0" encoding="UTF-8"?>
<!-- Generated by org.testng.reporters.JUnitXMLReporter -->
<testsuite ignored="0" hostname="DESKTOP-LR02MF8" failures="1" tests="15" name="Test" time="206.36" errors="0" timestamp="2023-11-01T18:09:35 BDT">
  <testcase classname="testCase.WhatsApp$WA_Tetsting" name="Login" time="7.007"/>
  <testcase classname="testCase.WhatsApp$WA_Tetsting" name="SearchNickname" time="11.839"/>
  <testcase classname="testCase.WhatsApp$WA_Tetsting" name="ClickTabs" time="28.803"/>
  <testcase classname="testCase.WhatsApp$WA_Tetsting" name="SearchCountryName" time="7.737"/>
  <testcase classname="testCase.WhatsApp$WA_Tetsting" name="SearchName" time="5.374"/>
  <testcase classname="testCase.WhatsApp$WA_Tetsting" name="SearchOwnerPhone" time="6.435"/>
  <testcase classname="testCase.WhatsApp$WA_Tetsting" name="GroupName" time="9.723"/>
  <testcase classname="testCase.WhatsApp$WA_Tetsting" name="GroupCreationDate" time="4.479"/>
  <testcase classname="testCase.WhatsApp$WA_Tetsting" name="MessageCount" time="6.51"/>
  <testcase classname="testCase.WhatsApp$WA_Tetsting" name="SelectCountry" time="4.302"/>
  <testcase classname="testCase.WhatsApp$WA_Tetsting" name="GroupTooltip" time="16.209"/>
  <testcase classname="testCase.WhatsApp$WA_Tetsting" name="GroupDetails" time="54.494"/>
  <testcase classname="testCase.WhatsApp$WA_Tetsting" name="WhatsAppUser" time="15.155"/>
  <testcase classname="testCase.WhatsApp$WA_Tetsting" name="WhatsMessage" time="13.666"/>
  <testcase classname="testCase.WhatsApp$WA_Tetsting" name="WhatsAppTask" time="10.182">
    <failure type="org.openqa.selenium.NoSuchElementException" message="no such element: Unable to locate element: {&amp;quot;method&amp;quot;:&amp;quot;xpath&amp;quot;,&amp;quot;selector&amp;quot;:&amp;quot;//body/div[3]/div[1]/div[1]/div[1]/div[1]/div[1]/button[1]&amp;quot;}
  (Session info: chrome=118.0.5993.118)
For documentation on this error, please visit: https://www.selenium.dev/documentation/webdriver/troubleshooting/errors#no-such-element-exception
Build info: version: &amp;apos;4.13.0&amp;apos;, revision: &amp;apos;ba948ece5b*&amp;apos;
System info: os.name: &amp;apos;Windows 10&amp;apos;, os.arch: &amp;apos;amd64&amp;apos;, os.version: &amp;apos;10.0&amp;apos;, java.version: &amp;apos;17.0.8.1&amp;apos;
Driver info: org.openqa.selenium.chrome.ChromeDriver
Command: [05ab9f529a22620aef929c7eba795550, findElement {using=xpath, value=//body/div[3]/div[1]/div[1]/div[1]/div[1]/div[1]/button[1]}]
Capabilities {acceptInsecureCerts: false, browserName: chrome, browserVersion: 118.0.5993.118, chrome: {chromedriverVersion: 118.0.5993.70 (e52f33f30b91..., userDataDir: C:\Users\paral\AppData\Loca...}, fedcm:accounts: true, goog:chromeOptions: {debuggerAddress: localhost:58365}, networkConnectionEnabled: false, pageLoadStrategy: normal, platformName: windows, proxy: Proxy(), se:cdp: ws://localhost:58365/devtoo..., se:cdpVersion: 118.0.5993.118, setWindowRect: true, strictFileInteractability: false, timeouts: {implicit: 0, pageLoad: 300000, script: 30000}, unhandledPromptBehavior: dismiss and notify, webauthn:extension:credBlob: true, webauthn:extension:largeBlob: true, webauthn:extension:minPinLength: true, webauthn:extension:prf: true, webauthn:virtualAuthenticators: true}
Session ID: 05ab9f529a22620aef929c7eba795550">
      <![CDATA[org.openqa.selenium.NoSuchElementException: no such element: Unable to locate element: {"method":"xpath","selector":"//body/div[3]/div[1]/div[1]/div[1]/div[1]/div[1]/button[1]"}
  (Session info: chrome=118.0.5993.118)
For documentation on this error, please visit: https://www.selenium.dev/documentation/webdriver/troubleshooting/errors#no-such-element-exception
Build info: version: '4.13.0', revision: 'ba948ece5b*'
System info: os.name: 'Windows 10', os.arch: 'amd64', os.version: '10.0', java.version: '17.0.8.1'
Driver info: org.openqa.selenium.chrome.ChromeDriver
Command: [05ab9f529a22620aef929c7eba795550, findElement {using=xpath, value=//body/div[3]/div[1]/div[1]/div[1]/div[1]/div[1]/button[1]}]
Capabilities {acceptInsecureCerts: false, browserName: chrome, browserVersion: 118.0.5993.118, chrome: {chromedriverVersion: 118.0.5993.70 (e52f33f30b91..., userDataDir: C:\Users\paral\AppData\Loca...}, fedcm:accounts: true, goog:chromeOptions: {debuggerAddress: localhost:58365}, networkConnectionEnabled: false, pageLoadStrategy: normal, platformName: windows, proxy: Proxy(), se:cdp: ws://localhost:58365/devtoo..., se:cdpVersion: 118.0.5993.118, setWindowRect: true, strictFileInteractability: false, timeouts: {implicit: 0, pageLoad: 300000, script: 30000}, unhandledPromptBehavior: dismiss and notify, webauthn:extension:credBlob: true, webauthn:extension:largeBlob: true, webauthn:extension:minPinLength: true, webauthn:extension:prf: true, webauthn:virtualAuthenticators: true}
Session ID: 05ab9f529a22620aef929c7eba795550
at org.openqa.selenium.remote.codec.w3c.W3CHttpResponseCodec.createException(W3CHttpResponseCodec.java:200)
at org.openqa.selenium.remote.codec.w3c.W3CHttpResponseCodec.decode(W3CHttpResponseCodec.java:133)
at org.openqa.selenium.remote.codec.w3c.W3CHttpResponseCodec.decode(W3CHttpResponseCodec.java:52)
at org.openqa.selenium.remote.HttpCommandExecutor.execute(HttpCommandExecutor.java:191)
at org.openqa.selenium.remote.service.DriverCommandExecutor.invokeExecute(DriverCommandExecutor.java:196)
at org.openqa.selenium.remote.service.DriverCommandExecutor.execute(DriverCommandExecutor.java:171)
at org.openqa.selenium.remote.RemoteWebDriver.execute(RemoteWebDriver.java:602)
at org.openqa.selenium.remote.ElementLocation$ElementFinder$2.findElement(ElementLocation.java:165)
at org.openqa.selenium.remote.ElementLocation.findElement(ElementLocation.java:59)
at org.openqa.selenium.remote.RemoteWebDriver.findElement(RemoteWebDriver.java:359)
at org.openqa.selenium.remote.RemoteWebDriver.findElement(RemoteWebDriver.java:353)
at testCase.WhatsApp$WA_Tetsting.WhatsAppTask(WhatsApp.java:720)
at java.base/java.util.ArrayList.forEach(ArrayList.java:1511)
... Removed 32 stack frames]]>
    </failure>
  </testcase> <!-- WhatsAppTask -->
</testsuite> <!-- Test -->
